PROJECT PATH:/home/ksato/Project/square
file_name:/home/ksato/Project/square/apps/controllers/ChatService.php
file_name:/home/ksato/Project/square/apps/models/ChatService.php
file_name:/home/ksato/Project/square/vendor/strangerwork/strangerfw/srcChatService.php
file_name:/home/ksato/Project/square/vendor/strangerwork/strangerfw/src/coreChatService.php
file_name:/home/ksato/Project/square/vendor/strangerwork/strangerfw/src/coreChatService.php
file_name:/home/ksato/Project/square/vendor/strangerwork/strangerfw/src/core/controllerChatService.php
file_name:/home/ksato/Project/square/vendor/strangerwork/strangerfw/src/core/controllerChatService.php
file_name:/home/ksato/Project/square/vendor/strangerwork/strangerfw/src/core/migrateChatService.php
file_name:/home/ksato/Project/square/vendor/strangerwork/strangerfw/src/core/migrateChatService.php
file_name:/home/ksato/Project/square/vendor/strangerwork/strangerfw/src/core/modelChatService.php
file_name:/home/ksato/Project/square/vendor/strangerwork/strangerfw/src/core/modelChatService.php
file_name:/home/ksato/Project/square/vendor/strangerwork/strangerfw/src/utilsChatService.php
file_name:/home/ksato/Project/square/vendor/strangerwork/strangerfw/src/utilsChatService.php
file_name:/home/ksato/Project/square/db/migrate/ChatService.php
file_name:/home/ksato/Project/square/apps/helpers/ChatService.php
file_name:/home/ksato/Project/square/apps//service/ChatService.php
New connection! (68)
Connection 68 sending message "Dsawe" to 0 other connections
Connection 68 sending message "Drmejek" to 0 other connections
Connection 68 sending message "Seemek" to 0 other connections
New connection! (98)
Connection 98 sending message "Jesjdie" to 1 other connection
Connection 68 sending message "Skek" to 1 other connection
Connection 98 sending message "Juuwieiii" to 1 other connection
Connection 98 has disconnected
Connection 68 has disconnected
New connection! (101)
Connection 101 has disconnected
New connection! (104)
Connection 104 sending message "っっっっs" to 0 other connections
New connection! (107)
Connection 107 has disconnected
Connection 104 has disconnected
New connection! (110)
Connection 110 has disconnected
New connection! (283)
Connection 283 has disconnected
New connection! (286)
Connection 286 has disconnected
New connection! (289)
Connection 289 has disconnected
New connection! (292)
Connection 292 has disconnected
New connection! (295)
Connection 295 has disconnected
New connection! (298)
Connection 298 has disconnected
New connection! (301)
Connection 301 has disconnected
New connection! (304)
Connection 304 has disconnected
New connection! (307)
Connection 307 has disconnected
New connection! (310)
Connection 310 has disconnected
New connection! (313)
Connection 313 sending message "ddasda" to 0 other connections
Connection 313 has disconnected
New connection! (316)
Connection 316 has disconnected
New connection! (319)
Connection 319 has disconnected
New connection! (322)
Connection 322 has disconnected
New connection! (325)
Connection 325 has disconnected
New connection! (328)
Connection 328 has disconnected
New connection! (331)
Connection 331 has disconnected
New connection! (334)
Connection 334 has disconnected
New connection! (337)
Connection 337 has disconnected
New connection! (340)
Connection 340 has disconnected
New connection! (343)
Connection 343 has disconnected
New connection! (346)
Connection 346 has disconnected
New connection! (349)
Connection 349 has disconnected
New connection! (352)
Connection 352 has disconnected
New connection! (355)
Connection 355 has disconnected
New connection! (358)
Connection 358 has disconnected
New connection! (361)
Connection 361 has disconnected
New connection! (364)
Connection 364 has disconnected
New connection! (367)
Connection 367 has disconnected
New connection! (370)
Connection 370 has disconnected
New connection! (373)
Connection 373 has disconnected
New connection! (376)
Connection 376 has disconnected
New connection! (379)
Connection 379 has disconnected
New connection! (382)
Connection 382 has disconnected
New connection! (385)
Connection 385 has disconnected
New connection! (388)
Connection 388 has disconnected
New connection! (391)
Connection 391 has disconnected
New connection! (394)
Connection 394 has disconnected
New connection! (397)
Connection 397 has disconnected
New connection! (400)
Connection 400 has disconnected
New connection! (403)
Connection 403 has disconnected
New connection! (406)
Connection 406 has disconnected
New connection! (409)
PROJECT PATH:/home/ksato/Project/square
file_name:/home/ksato/Project/square/apps/controllers/ChatService.php
file_name:/home/ksato/Project/square/apps/models/ChatService.php
file_name:/home/ksato/Project/square/vendor/strangerwork/strangerfw/srcChatService.php
file_name:/home/ksato/Project/square/vendor/strangerwork/strangerfw/src/coreChatService.php
file_name:/home/ksato/Project/square/vendor/strangerwork/strangerfw/src/coreChatService.php
file_name:/home/ksato/Project/square/vendor/strangerwork/strangerfw/src/core/controllerChatService.php
file_name:/home/ksato/Project/square/vendor/strangerwork/strangerfw/src/core/controllerChatService.php
file_name:/home/ksato/Project/square/vendor/strangerwork/strangerfw/src/core/migrateChatService.php
file_name:/home/ksato/Project/square/vendor/strangerwork/strangerfw/src/core/migrateChatService.php
file_name:/home/ksato/Project/square/vendor/strangerwork/strangerfw/src/core/modelChatService.php
file_name:/home/ksato/Project/square/vendor/strangerwork/strangerfw/src/core/modelChatService.php
file_name:/home/ksato/Project/square/vendor/strangerwork/strangerfw/src/utilsChatService.php
file_name:/home/ksato/Project/square/vendor/strangerwork/strangerfw/src/utilsChatService.php
file_name:/home/ksato/Project/square/db/migrate/ChatService.php
file_name:/home/ksato/Project/square/apps/helpers/ChatService.php
file_name:/home/ksato/Project/square/apps//service/ChatService.php
file_name:/home/ksato/Project/square/apps/controllers/Logger.php
file_name:/home/ksato/Project/square/apps/models/Logger.php
file_name:/home/ksato/Project/square/vendor/strangerwork/strangerfw/srcLogger.php
file_name:/home/ksato/Project/square/vendor/strangerwork/strangerfw/src/coreLogger.php
file_name:/home/ksato/Project/square/vendor/strangerwork/strangerfw/src/coreLogger.php
file_name:/home/ksato/Project/square/vendor/strangerwork/strangerfw/src/core/controllerLogger.php
file_name:/home/ksato/Project/square/vendor/strangerwork/strangerfw/src/core/controllerLogger.php
file_name:/home/ksato/Project/square/vendor/strangerwork/strangerfw/src/core/migrateLogger.php
file_name:/home/ksato/Project/square/vendor/strangerwork/strangerfw/src/core/migrateLogger.php
file_name:/home/ksato/Project/square/vendor/strangerwork/strangerfw/src/core/modelLogger.php
file_name:/home/ksato/Project/square/vendor/strangerwork/strangerfw/src/core/modelLogger.php
file_name:/home/ksato/Project/square/vendor/strangerwork/strangerfw/src/utilsLogger.php
file_name:/home/ksato/Project/square/vendor/strangerwork/strangerfw/src/utilsLogger.php
file_name:/home/ksato/Project/square/db/migrate/Logger.php
file_name:/home/ksato/Project/square/apps/helpers/Logger.php
file_name:/home/ksato/Project/square/apps//service/Logger.php
PHP Fatal error:  Uncaught Error: Class 'Logger' not found in /home/ksato/Project/square/apps/service/ChatService.php:11
Stack trace:
#0 /home/ksato/Project/square/apps/bin/chat-server.php(20): ChatService->__construct()
#1 {main}
  thrown in /home/ksato/Project/square/apps/service/ChatService.php on line 11

Fatal error: Uncaught Error: Class 'Logger' not found in /home/ksato/Project/square/apps/service/ChatService.php on line 11

Error: Class 'Logger' not found in /home/ksato/Project/square/apps/service/ChatService.php on line 11

Call Stack:
    0.0003     397176   1. {main}() /home/ksato/Project/square/apps/bin/chat-server.php:0
    0.0214    1197960   2. ChatService->__construct() /home/ksato/Project/square/apps/bin/chat-server.php:20

PROJECT PATH:/home/ksato/Project/square
file_name:/home/ksato/Project/square/apps/controllers/ChatService.php
file_name:/home/ksato/Project/square/apps/models/ChatService.php
file_name:/home/ksato/Project/square/vendor/strangerwork/strangerfw/srcChatService.php
file_name:/home/ksato/Project/square/vendor/strangerwork/strangerfw/src/coreChatService.php
file_name:/home/ksato/Project/square/vendor/strangerwork/strangerfw/src/coreChatService.php
file_name:/home/ksato/Project/square/vendor/strangerwork/strangerfw/src/core/controllerChatService.php
file_name:/home/ksato/Project/square/vendor/strangerwork/strangerfw/src/core/controllerChatService.php
file_name:/home/ksato/Project/square/vendor/strangerwork/strangerfw/src/core/migrateChatService.php
file_name:/home/ksato/Project/square/vendor/strangerwork/strangerfw/src/core/migrateChatService.php
file_name:/home/ksato/Project/square/vendor/strangerwork/strangerfw/src/core/modelChatService.php
file_name:/home/ksato/Project/square/vendor/strangerwork/strangerfw/src/core/modelChatService.php
file_name:/home/ksato/Project/square/vendor/strangerwork/strangerfw/src/utilsChatService.php
file_name:/home/ksato/Project/square/vendor/strangerwork/strangerfw/src/utilsChatService.php
file_name:/home/ksato/Project/square/db/migrate/ChatService.php
file_name:/home/ksato/Project/square/apps/helpers/ChatService.php
file_name:/home/ksato/Project/square/apps//service/ChatService.php
file_name:/home/ksato/Project/square/apps/controllers/Logger.php
file_name:/home/ksato/Project/square/apps/models/Logger.php
file_name:/home/ksato/Project/square/vendor/strangerwork/strangerfw/srcLogger.php
file_name:/home/ksato/Project/square/vendor/strangerwork/strangerfw/src/coreLogger.php
file_name:/home/ksato/Project/square/vendor/strangerwork/strangerfw/src/coreLogger.php
file_name:/home/ksato/Project/square/vendor/strangerwork/strangerfw/src/core/controllerLogger.php
file_name:/home/ksato/Project/square/vendor/strangerwork/strangerfw/src/core/controllerLogger.php
file_name:/home/ksato/Project/square/vendor/strangerwork/strangerfw/src/core/migrateLogger.php
file_name:/home/ksato/Project/square/vendor/strangerwork/strangerfw/src/core/migrateLogger.php
file_name:/home/ksato/Project/square/vendor/strangerwork/strangerfw/src/core/modelLogger.php
file_name:/home/ksato/Project/square/vendor/strangerwork/strangerfw/src/core/modelLogger.php
file_name:/home/ksato/Project/square/vendor/strangerwork/strangerfw/src/utilsLogger.php
file_name:/home/ksato/Project/square/vendor/strangerwork/strangerfw/src/utilsLogger.php
file_name:/home/ksato/Project/square/db/migrate/Logger.php
file_name:/home/ksato/Project/square/apps/helpers/Logger.php
file_name:/home/ksato/Project/square/apps//service/Logger.php
PHP Fatal error:  Uncaught Error: Class 'Logger' not found in /home/ksato/Project/square/apps/service/ChatService.php:11
Stack trace:
#0 /home/ksato/Project/square/apps/bin/chat-server.php(20): ChatService->__construct()
#1 {main}
  thrown in /home/ksato/Project/square/apps/service/ChatService.php on line 11

Fatal error: Uncaught Error: Class 'Logger' not found in /home/ksato/Project/square/apps/service/ChatService.php on line 11

Error: Class 'Logger' not found in /home/ksato/Project/square/apps/service/ChatService.php on line 11

Call Stack:
    0.0003     396080   1. {main}() /home/ksato/Project/square/apps/bin/chat-server.php:0
    0.0210    1196864   2. ChatService->__construct() /home/ksato/Project/square/apps/bin/chat-server.php:20

PROJECT PATH:/home/ksato/Project/square
file_name:/home/ksato/Project/square/apps/controllers/ChatService.php
file_name:/home/ksato/Project/square/apps/models/ChatService.php
file_name:/home/ksato/Project/square/vendor/strangerwork/strangerfw/srcChatService.php
file_name:/home/ksato/Project/square/vendor/strangerwork/strangerfw/src/coreChatService.php
file_name:/home/ksato/Project/square/vendor/strangerwork/strangerfw/src/coreChatService.php
file_name:/home/ksato/Project/square/vendor/strangerwork/strangerfw/src/core/controllerChatService.php
file_name:/home/ksato/Project/square/vendor/strangerwork/strangerfw/src/core/controllerChatService.php
file_name:/home/ksato/Project/square/vendor/strangerwork/strangerfw/src/core/migrateChatService.php
file_name:/home/ksato/Project/square/vendor/strangerwork/strangerfw/src/core/migrateChatService.php
file_name:/home/ksato/Project/square/vendor/strangerwork/strangerfw/src/core/modelChatService.php
file_name:/home/ksato/Project/square/vendor/strangerwork/strangerfw/src/core/modelChatService.php
file_name:/home/ksato/Project/square/vendor/strangerwork/strangerfw/src/utilsChatService.php
file_name:/home/ksato/Project/square/vendor/strangerwork/strangerfw/src/utilsChatService.php
file_name:/home/ksato/Project/square/db/migrate/ChatService.php
file_name:/home/ksato/Project/square/apps/helpers/ChatService.php
file_name:/home/ksato/Project/square/apps//service/ChatService.php
New connection! (70)
Connection 70 sending message "sss" to 0 other connections
New connection! (102)
Connection 102 sending message "sdasda" to 1 other connection
Connection 70 has disconnected
Connection 102 has disconnected
New connection! (109)
New connection! (113)
Connection 109 has disconnected
Connection 113 has disconnected
New connection! (119)
New connection! (123)
Connection 119 has disconnected
New connection! (128)
Connection 123 has disconnected
New connection! (133)
Connection 128 has disconnected
New connection! (138)
Connection 133 has disconnected
New connection! (143)
Connection 138 has disconnected
New connection! (148)
Connection 143 has disconnected
New connection! (153)
Connection 148 has disconnected
New connection! (158)
Connection 153 has disconnected
New connection! (163)
Connection 158 has disconnected
New connection! (168)
Connection 163 has disconnected
New connection! (173)
Connection 168 has disconnected
New connection! (178)
Connection 173 has disconnected
New connection! (183)
Connection 178 has disconnected
New connection! (188)
Connection 183 has disconnected
New connection! (193)
Connection 188 has disconnected
New connection! (198)
Connection 193 has disconnected
New connection! (203)
Connection 198 has disconnected
New connection! (208)
Connection 203 has disconnected
New connection! (213)
Connection 208 has disconnected
New connection! (218)
Connection 213 has disconnected
Connection 218 has disconnected
New connection! (224)
New connection! (228)
Connection 224 has disconnected
Connection 228 has disconnected
New connection! (234)
New connection! (238)
Connection 234 has disconnected
Connection 238 has disconnected
New connection! (244)
New connection! (248)
PROJECT PATH:/home/ksato/Project/square
file_name:/home/ksato/Project/square/apps/controllers/ChatService.php
file_name:/home/ksato/Project/square/apps/models/ChatService.php
file_name:/home/ksato/Project/square/vendor/strangerwork/strangerfw/srcChatService.php
file_name:/home/ksato/Project/square/vendor/strangerwork/strangerfw/src/coreChatService.php
file_name:/home/ksato/Project/square/vendor/strangerwork/strangerfw/src/coreChatService.php
file_name:/home/ksato/Project/square/vendor/strangerwork/strangerfw/src/core/controllerChatService.php
file_name:/home/ksato/Project/square/vendor/strangerwork/strangerfw/src/core/controllerChatService.php
file_name:/home/ksato/Project/square/vendor/strangerwork/strangerfw/src/core/migrateChatService.php
file_name:/home/ksato/Project/square/vendor/strangerwork/strangerfw/src/core/migrateChatService.php
file_name:/home/ksato/Project/square/vendor/strangerwork/strangerfw/src/core/modelChatService.php
file_name:/home/ksato/Project/square/vendor/strangerwork/strangerfw/src/core/modelChatService.php
file_name:/home/ksato/Project/square/vendor/strangerwork/strangerfw/src/utilsChatService.php
file_name:/home/ksato/Project/square/vendor/strangerwork/strangerfw/src/utilsChatService.php
file_name:/home/ksato/Project/square/db/migrate/ChatService.php
file_name:/home/ksato/Project/square/apps/helpers/ChatService.php
file_name:/home/ksato/Project/square/apps//service/ChatService.php
New connection! (70)
New connection! (99)
Connection 70 sending message "dsdada" to 1 other connection
Connection 99 has disconnected
Connection 70 has disconnected
New connection! (108)
New connection! (112)
Connection 108 has disconnected
Connection 112 has disconnected
New connection! (118)
New connection! (122)
Connection 118 has disconnected
New connection! (127)
Connection 122 has disconnected
New connection! (132)
Connection 127 has disconnected
New connection! (137)
Connection 132 has disconnected
New connection! (142)
Connection 137 has disconnected
New connection! (147)
Connection 142 has disconnected
New connection! (152)
Connection 147 has disconnected
New connection! (157)
Connection 152 has disconnected
New connection! (162)
Connection 157 has disconnected
New connection! (167)
Connection 162 has disconnected
New connection! (172)
Connection 167 has disconnected
New connection! (177)
Connection 172 has disconnected
New connection! (182)
Connection 177 has disconnected
New connection! (187)
Connection 182 has disconnected
New connection! (192)
Connection 187 has disconnected
New connection! (197)
Connection 192 has disconnected
New connection! (202)
Connection 197 has disconnected
New connection! (207)
Connection 202 has disconnected
New connection! (212)
Connection 207 has disconnected
New connection! (217)
Connection 212 has disconnected
New connection! (222)
Connection 217 has disconnected
New connection! (227)
Connection 222 has disconnected
New connection! (232)
Connection 227 has disconnected
New connection! (237)
Connection 232 has disconnected
New connection! (242)
Connection 237 has disconnected
New connection! (247)
Connection 242 has disconnected
New connection! (252)
Connection 247 has disconnected
New connection! (257)
Connection 252 has disconnected
New connection! (262)
Connection 257 has disconnected
New connection! (267)
Connection 262 has disconnected
New connection! (272)
Connection 267 has disconnected
New connection! (277)
Connection 272 has disconnected
Connection 277 has disconnected
New connection! (283)
New connection! (287)
Connection 283 has disconnected
Connection 287 has disconnected
New connection! (293)
New connection! (297)
Connection 293 has disconnected
New connection! (302)
Connection 297 has disconnected
New connection! (307)
Connection 302 has disconnected
New connection! (312)
Connection 307 has disconnected
New connection! (317)
Connection 312 has disconnected
New connection! (322)
Connection 317 has disconnected
New connection! (327)
Connection 322 has disconnected
New connection! (332)
Connection 327 has disconnected
New connection! (337)
Connection 332 has disconnected
New connection! (342)
Connection 337 has disconnected
New connection! (347)
Connection 342 has disconnected
New connection! (352)
Connection 347 has disconnected
New connection! (357)
Connection 352 has disconnected
New connection! (362)
Connection 357 has disconnected
New connection! (367)
Connection 362 has disconnected
New connection! (372)
Connection 367 has disconnected
New connection! (377)
Connection 372 has disconnected
New connection! (382)
Connection 377 has disconnected
New connection! (387)
Connection 382 has disconnected
New connection! (392)
Connection 387 has disconnected
New connection! (397)
Connection 392 has disconnected
New connection! (402)
Connection 402 has disconnected
Connection 397 has disconnected
New connection! (408)
Connection 408 has disconnected
New connection! (413)
Connection 413 has disconnected
New connection! (418)
Connection 418 has disconnected
New connection! (423)
Connection 423 has disconnected
New connection! (428)
Connection 428 has disconnected
New connection! (433)
Connection 433 has disconnected
New connection! (438)
Connection 438 has disconnected
New connection! (443)
Connection 443 has disconnected
New connection! (448)
Connection 448 has disconnected
New connection! (453)
Connection 453 has disconnected
New connection! (458)
